{"/home/anselemcodes/Downloads/TodoListJs/src/modules/crud.js": {"path":"/home/anselemcodes/Downloads/TodoListJs/src/modules/crud.js","statementMap":{"0":{"start":{"line":3,"column":15},"end":{"line":3,"column":20}},"1":{"start":{"line":4,"column":18},"end":{"line":4,"column":20}},"2":{"start":{"line":7,"column":15},"end":{"line":7,"column":41}},"3":{"start":{"line":8,"column":2},"end":{"line":12,"column":5}},"4":{"start":{"line":13,"column":2},"end":{"line":13,"column":31}},"5":{"start":{"line":14,"column":2},"end":{"line":14,"column":14}},"6":{"start":{"line":18,"column":15},"end":{"line":18,"column":41}},"7":{"start":{"line":19,"column":2},"end":{"line":19,"column":27}},"8":{"start":{"line":20,"column":2},"end":{"line":20,"column":31}},"9":{"start":{"line":21,"column":2},"end":{"line":21,"column":20}},"10":{"start":{"line":25,"column":15},"end":{"line":25,"column":41}},"11":{"start":{"line":26,"column":2},"end":{"line":26,"column":37}},"12":{"start":{"line":26,"column":25},"end":{"line":26,"column":37}},"13":{"start":{"line":27,"column":2},"end":{"line":27,"column":25}},"14":{"start":{"line":28,"column":2},"end":{"line":28,"column":31}},"15":{"start":{"line":29,"column":2},"end":{"line":29,"column":14}},"16":{"start":{"line":33,"column":15},"end":{"line":33,"column":41}},"17":{"start":{"line":34,"column":22},"end":{"line":34,"column":64}},"18":{"start":{"line":34,"column":44},"end":{"line":34,"column":63}},"19":{"start":{"line":35,"column":2},"end":{"line":35,"column":38}},"20":{"start":{"line":36,"column":2},"end":{"line":36,"column":21}},"21":{"start":{"line":40,"column":2},"end":{"line":40,"column":18}},"22":{"start":{"line":41,"column":2},"end":{"line":41,"column":20}},"23":{"start":{"line":42,"column":20},"end":{"line":42,"column":49}},"24":{"start":{"line":43,"column":20},"end":{"line":43,"column":50}},"25":{"start":{"line":45,"column":2},"end":{"line":45,"column":29}},"26":{"start":{"line":46,"column":2},"end":{"line":46,"column":30}},"27":{"start":{"line":47,"column":2},"end":{"line":47,"column":65}},"28":{"start":{"line":49,"column":2},"end":{"line":52,"column":35}},"29":{"start":{"line":53,"column":2},"end":{"line":53,"column":29}},"30":{"start":{"line":57,"column":2},"end":{"line":57,"column":19}},"31":{"start":{"line":58,"column":2},"end":{"line":60,"column":3}},"32":{"start":{"line":59,"column":4},"end":{"line":59,"column":79}},"33":{"start":{"line":64,"column":2},"end":{"line":66,"column":3}},"34":{"start":{"line":65,"column":4},"end":{"line":65,"column":20}},"35":{"start":{"line":70,"column":2},"end":{"line":84,"column":5}},"36":{"start":{"line":71,"column":4},"end":{"line":71,"column":23}},"37":{"start":{"line":72,"column":4},"end":{"line":83,"column":5}},"38":{"start":{"line":73,"column":19},"end":{"line":73,"column":61}},"39":{"start":{"line":74,"column":17},"end":{"line":74,"column":61}},"40":{"start":{"line":75,"column":6},"end":{"line":75,"column":21}},"41":{"start":{"line":76,"column":6},"end":{"line":76,"column":23}},"42":{"start":{"line":77,"column":6},"end":{"line":77,"column":21}},"43":{"start":{"line":79,"column":19},"end":{"line":79,"column":65}},"44":{"start":{"line":80,"column":6},"end":{"line":80,"column":16}},"45":{"start":{"line":81,"column":6},"end":{"line":81,"column":23}},"46":{"start":{"line":82,"column":6},"end":{"line":82,"column":21}},"47":{"start":{"line":85,"column":2},"end":{"line":100,"column":5}},"48":{"start":{"line":86,"column":4},"end":{"line":99,"column":5}},"49":{"start":{"line":87,"column":6},"end":{"line":87,"column":22}},"50":{"start":{"line":88,"column":6},"end":{"line":92,"column":7}},"51":{"start":{"line":89,"column":8},"end":{"line":89,"column":32}},"52":{"start":{"line":91,"column":8},"end":{"line":91,"column":46}},"53":{"start":{"line":93,"column":11},"end":{"line":99,"column":5}},"54":{"start":{"line":94,"column":6},"end":{"line":94,"column":47}},"55":{"start":{"line":95,"column":6},"end":{"line":95,"column":21}},"56":{"start":{"line":96,"column":11},"end":{"line":99,"column":5}},"57":{"start":{"line":97,"column":6},"end":{"line":97,"column":23}},"58":{"start":{"line":98,"column":6},"end":{"line":98,"column":21}},"59":{"start":{"line":101,"column":2},"end":{"line":101,"column":63}},"60":{"start":{"line":101,"column":46},"end":{"line":101,"column":61}}},"fnMap":{"0":{"name":"add","decl":{"start":{"line":6,"column":16},"end":{"line":6,"column":19}},"loc":{"start":{"line":6,"column":26},"end":{"line":15,"column":1}},"line":6},"1":{"name":"edit","decl":{"start":{"line":17,"column":16},"end":{"line":17,"column":20}},"loc":{"start":{"line":17,"column":31},"end":{"line":22,"column":1}},"line":17},"2":{"name":"remove","decl":{"start":{"line":24,"column":16},"end":{"line":24,"column":22}},"loc":{"start":{"line":24,"column":27},"end":{"line":30,"column":1}},"line":24},"3":{"name":"clearCompleted","decl":{"start":{"line":32,"column":16},"end":{"line":32,"column":30}},"loc":{"start":{"line":32,"column":33},"end":{"line":37,"column":1}},"line":32},"4":{"name":"(anonymous_4)","decl":{"start":{"line":34,"column":34},"end":{"line":34,"column":35}},"loc":{"start":{"line":34,"column":44},"end":{"line":34,"column":63}},"line":34},"5":{"name":"showEditInput","decl":{"start":{"line":39,"column":9},"end":{"line":39,"column":22}},"loc":{"start":{"line":39,"column":28},"end":{"line":54,"column":1}},"line":39},"6":{"name":"hideEditInput","decl":{"start":{"line":56,"column":9},"end":{"line":56,"column":22}},"loc":{"start":{"line":56,"column":25},"end":{"line":61,"column":1}},"line":56},"7":{"name":"checkEditFlag","decl":{"start":{"line":63,"column":9},"end":{"line":63,"column":22}},"loc":{"start":{"line":63,"column":25},"end":{"line":67,"column":1}},"line":63},"8":{"name":"userWatcher","decl":{"start":{"line":69,"column":16},"end":{"line":69,"column":27}},"loc":{"start":{"line":69,"column":42},"end":{"line":102,"column":1}},"line":69},"9":{"name":"(anonymous_9)","decl":{"start":{"line":70,"column":38},"end":{"line":70,"column":39}},"loc":{"start":{"line":70,"column":45},"end":{"line":84,"column":3}},"line":70},"10":{"name":"(anonymous_10)","decl":{"start":{"line":85,"column":37},"end":{"line":85,"column":38}},"loc":{"start":{"line":85,"column":44},"end":{"line":100,"column":3}},"line":85},"11":{"name":"(anonymous_11)","decl":{"start":{"line":101,"column":40},"end":{"line":101,"column":41}},"loc":{"start":{"line":101,"column":46},"end":{"line":101,"column":61}},"line":101}},"branchMap":{"0":{"loc":{"start":{"line":26,"column":2},"end":{"line":26,"column":37}},"type":"if","locations":[{"start":{"line":26,"column":2},"end":{"line":26,"column":37}},{"start":{},"end":{}}],"line":26},"1":{"loc":{"start":{"line":58,"column":2},"end":{"line":60,"column":3}},"type":"if","locations":[{"start":{"line":58,"column":2},"end":{"line":60,"column":3}},{"start":{},"end":{}}],"line":58},"2":{"loc":{"start":{"line":64,"column":2},"end":{"line":66,"column":3}},"type":"if","locations":[{"start":{"line":64,"column":2},"end":{"line":66,"column":3}},{"start":{},"end":{}}],"line":64},"3":{"loc":{"start":{"line":72,"column":4},"end":{"line":83,"column":5}},"type":"if","locations":[{"start":{"line":72,"column":4},"end":{"line":83,"column":5}},{"start":{"line":78,"column":11},"end":{"line":83,"column":5}}],"line":72},"4":{"loc":{"start":{"line":86,"column":4},"end":{"line":99,"column":5}},"type":"if","locations":[{"start":{"line":86,"column":4},"end":{"line":99,"column":5}},{"start":{"line":93,"column":11},"end":{"line":99,"column":5}}],"line":86},"5":{"loc":{"start":{"line":86,"column":8},"end":{"line":86,"column":78}},"type":"binary-expr","locations":[{"start":{"line":86,"column":8},"end":{"line":86,"column":41}},{"start":{"line":86,"column":45},"end":{"line":86,"column":78}}],"line":86},"6":{"loc":{"start":{"line":88,"column":6},"end":{"line":92,"column":7}},"type":"if","locations":[{"start":{"line":88,"column":6},"end":{"line":92,"column":7}},{"start":{"line":90,"column":13},"end":{"line":92,"column":7}}],"line":88},"7":{"loc":{"start":{"line":93,"column":11},"end":{"line":99,"column":5}},"type":"if","locations":[{"start":{"line":93,"column":11},"end":{"line":99,"column":5}},{"start":{"line":96,"column":11},"end":{"line":99,"column":5}}],"line":93},"8":{"loc":{"start":{"line":96,"column":11},"end":{"line":99,"column":5}},"type":"if","locations":[{"start":{"line":96,"column":11},"end":{"line":99,"column":5}},{"start":{},"end":{}}],"line":96}},"s":{"0":1,"1":1,"2":3,"3":3,"4":3,"5":3,"6":1,"7":1,"8":1,"9":1,"10":1,"11":1,"12":0,"13":1,"14":1,"15":1,"16":1,"17":1,"18":3,"19":1,"20":1,"21":0,"22":0,"23":0,"24":0,"25":0,"26":0,"27":0,"28":0,"29":0,"30":0,"31":0,"32":0,"33":0,"34":0,"35":0,"36":0,"37":0,"38":0,"39":0,"40":0,"41":0,"42":0,"43":0,"44":0,"45":0,"46":0,"47":0,"48":0,"49":0,"50":0,"51":0,"52":0,"53":0,"54":0,"55":0,"56":0,"57":0,"58":0,"59":0,"60":0},"f":{"0":3,"1":1,"2":1,"3":1,"4":3,"5":0,"6":0,"7":0,"8":0,"9":0,"10":0,"11":0},"b":{"0":[0,1],"1":[0,0],"2":[0,0],"3":[0,0],"4":[0,0],"5":[0,0],"6":[0,0],"7":[0,0],"8":[0,0]},"_coverageSchema":"1a1c01bbd47fc00a2c39e90264f33305004495a9","hash":"6f55fa2ce8d497141704700c1dc35d953c28120f"}
,"/home/anselemcodes/Downloads/TodoListJs/src/modules/taskCheck.js": {"path":"/home/anselemcodes/Downloads/TodoListJs/src/modules/taskCheck.js","statementMap":{"0":{"start":{"line":4,"column":15},"end":{"line":4,"column":41}},"1":{"start":{"line":5,"column":2},"end":{"line":5,"column":49}},"2":{"start":{"line":6,"column":2},"end":{"line":6,"column":30}},"3":{"start":{"line":7,"column":2},"end":{"line":7,"column":26}},"4":{"start":{"line":11,"column":2},"end":{"line":11,"column":42}},"5":{"start":{"line":15,"column":2},"end":{"line":20,"column":5}},"6":{"start":{"line":16,"column":4},"end":{"line":19,"column":5}},"7":{"start":{"line":17,"column":21},"end":{"line":17,"column":33}},"8":{"start":{"line":18,"column":6},"end":{"line":18,"column":28}}},"fnMap":{"0":{"name":"toggleStatues","decl":{"start":{"line":3,"column":16},"end":{"line":3,"column":29}},"loc":{"start":{"line":3,"column":38},"end":{"line":8,"column":1}},"line":3},"1":{"name":"getTaskId","decl":{"start":{"line":10,"column":9},"end":{"line":10,"column":18}},"loc":{"start":{"line":10,"column":22},"end":{"line":12,"column":1}},"line":10},"2":{"name":"checkboxListener","decl":{"start":{"line":14,"column":24},"end":{"line":14,"column":40}},"loc":{"start":{"line":14,"column":43},"end":{"line":21,"column":1}},"line":14},"3":{"name":"(anonymous_3)","decl":{"start":{"line":15,"column":37},"end":{"line":15,"column":38}},"loc":{"start":{"line":15,"column":44},"end":{"line":20,"column":3}},"line":15}},"branchMap":{"0":{"loc":{"start":{"line":16,"column":4},"end":{"line":19,"column":5}},"type":"if","locations":[{"start":{"line":16,"column":4},"end":{"line":19,"column":5}},{"start":{},"end":{}}],"line":16}},"s":{"0":1,"1":1,"2":1,"3":1,"4":0,"5":0,"6":0,"7":0,"8":0},"f":{"0":1,"1":0,"2":0,"3":0},"b":{"0":[0,0]},"_coverageSchema":"1a1c01bbd47fc00a2c39e90264f33305004495a9","hash":"d3695eaa3edb0160d24a0b427501bf9bb12e8cdc"}
}
