TN:
SF:src/modules/crud.js
FN:6,add
FN:17,edit
FN:24,remove
FN:32,clearCompleted
FN:34,(anonymous_4)
FN:39,showEditInput
FN:56,hideEditInput
FN:63,checkEditFlag
FN:69,userWatcher
FN:70,(anonymous_9)
FN:85,(anonymous_10)
FN:101,(anonymous_11)
FNF:12
FNH:5
FNDA:3,add
FNDA:1,edit
FNDA:1,remove
FNDA:1,clearCompleted
FNDA:3,(anonymous_4)
FNDA:0,showEditInput
FNDA:0,hideEditInput
FNDA:0,checkEditFlag
FNDA:0,userWatcher
FNDA:0,(anonymous_9)
FNDA:0,(anonymous_10)
FNDA:0,(anonymous_11)
DA:3,1
DA:4,1
DA:7,3
DA:8,3
DA:13,3
DA:14,3
DA:18,1
DA:19,1
DA:20,1
DA:21,1
DA:25,1
DA:26,1
DA:27,1
DA:28,1
DA:29,1
DA:33,1
DA:34,3
DA:35,1
DA:36,1
DA:40,0
DA:41,0
DA:42,0
DA:43,0
DA:45,0
DA:46,0
DA:47,0
DA:49,0
DA:53,0
DA:57,0
DA:58,0
DA:59,0
DA:64,0
DA:65,0
DA:70,0
DA:71,0
DA:72,0
DA:73,0
DA:74,0
DA:75,0
DA:76,0
DA:77,0
DA:79,0
DA:80,0
DA:81,0
DA:82,0
DA:85,0
DA:86,0
DA:87,0
DA:88,0
DA:89,0
DA:91,0
DA:93,0
DA:94,0
DA:95,0
DA:96,0
DA:97,0
DA:98,0
DA:101,0
LF:58
LH:19
BRDA:26,0,0,0
BRDA:26,0,1,1
BRDA:58,1,0,0
BRDA:58,1,1,0
BRDA:64,2,0,0
BRDA:64,2,1,0
BRDA:72,3,0,0
BRDA:72,3,1,0
BRDA:86,4,0,0
BRDA:86,4,1,0
BRDA:86,5,0,0
BRDA:86,5,1,0
BRDA:88,6,0,0
BRDA:88,6,1,0
BRDA:93,7,0,0
BRDA:93,7,1,0
BRDA:96,8,0,0
BRDA:96,8,1,0
BRF:18
BRH:1
end_of_record
TN:
SF:src/modules/taskCheck.js
FN:3,toggleStatues
FN:10,getTaskId
FN:14,checkboxListener
FN:15,(anonymous_3)
FNF:4
FNH:1
FNDA:1,toggleStatues
FNDA:0,getTaskId
FNDA:0,checkboxListener
FNDA:0,(anonymous_3)
DA:4,1
DA:5,1
DA:6,1
DA:7,1
DA:11,0
DA:15,0
DA:16,0
DA:17,0
DA:18,0
LF:9
LH:4
BRDA:16,0,0,0
BRDA:16,0,1,0
BRF:2
BRH:0
end_of_record
